
> bitcoin-node-test@0.0.0 start /home/secl/PycharmProjects/Upwork/wallet
> node ./bin/www

Table created
Connected to the multicahin database in multichain db.
Connected to the multicahin database.
[0mGET / [32m200 [0m450.489 ms - 887[0m
[0mGET /stylesheets/style.css [32m200 [0m9.094 ms - 1709[0m
[0mGET /javascripts/index.js [32m200 [0m10.675 ms - 10937[0m
undefined
{}
[0mPOST /mc/get-chain-list [32m200 [0m29.532 ms - 2[0m
[0mPOST /mc/get-published-data-list [32m200 [0m4.874 ms - 2[0m
[0mGET /favicon.ico [33m404 [0m77.442 ms - 1809[0m
[0mPOST /mc/get-received-data-list [32m200 [0m80.239 ms - 2[0m
[0mGET / [36m304 [0m108.077 ms - -[0m
[0mGET /stylesheets/style.css [36m304 [0m2.886 ms - -[0m
[0mGET /javascripts/index.js [36m304 [0m3.492 ms - -[0m
undefined
[0mPOST /mc/get-chain-list [32m200 [0m2.539 ms - 2[0m
[0mPOST /mc/get-published-data-list [32m200 [0m2.359 ms - 2[0m
{}
[0mPOST /mc/get-received-data-list [32m200 [0m4.468 ms - 2[0m
[0mGET / [36m304 [0m150.199 ms - -[0m
[0mGET /stylesheets/style.css [36m304 [0m1.379 ms - -[0m
[0mGET /javascripts/index.js [36m304 [0m1.525 ms - -[0m
undefined
[0mPOST /mc/get-chain-list [32m200 [0m5.430 ms - 2[0m
{}
[0mPOST /mc/get-published-data-list [32m200 [0m2.676 ms - 2[0m
[0mPOST /mc/get-received-data-list [32m200 [0m1.800 ms - 2[0m
[0mGET /login [32m200 [0m126.261 ms - 1190[0m
[0mGET /stylesheets/style.css [36m304 [0m1.994 ms - -[0m
[0mGET /javascripts/index.js [36m304 [0m1.621 ms - -[0m
undefined
[0mPOST /mc/get-chain-list [32m200 [0m2.462 ms - 2[0m
{}
[0mPOST /mc/get-published-data-list [32m200 [0m3.938 ms - 2[0m
[0mPOST /mc/get-received-data-list [32m200 [0m2.327 ms - 2[0m
[0mGET /login [36m304 [0m113.128 ms - -[0m
[0mGET /stylesheets/style.css [36m304 [0m0.894 ms - -[0m
[0mGET /javascripts/index.js [36m304 [0m0.786 ms - -[0m
undefined
[0mPOST /mc/get-chain-list [32m200 [0m4.278 ms - 2[0m
[0mPOST /mc/get-published-data-list [32m200 [0m2.343 ms - 2[0m
{}
[0mPOST /mc/get-received-data-list [32m200 [0m6.737 ms - 2[0m
[0mGET / [32m200 [0m125.169 ms - 887[0m
[0mGET /stylesheets/style.css [32m200 [0m2.022 ms - 1709[0m
[0mGET /javascripts/index.js [32m200 [0m1.871 ms - 10937[0m
[0mGET /favicon.ico [33m404 [0m71.579 ms - 1809[0m
undefined
{}
[0mPOST /mc/get-chain-list [32m200 [0m3.973 ms - 2[0m
[0mPOST /mc/get-published-data-list [32m200 [0m2.429 ms - 2[0m
[0mPOST /mc/get-received-data-list [32m200 [0m1.914 ms - 2[0m

> bitcoin-node-test@0.0.0 start /home/secl/PycharmProjects/Upwork/wallet
> node ./bin/www

Table created
Connected to the multicahin database in multichain db.
Connected to the multicahin database.

> bitcoin-node-test@0.0.0 start /home/secl/PycharmProjects/Upwork/wallet
> node ./bin/www

Table created
Port 4200 is already in use

npm ERR! Linux 4.4.0-98-generic
npm ERR! argv "/usr/bin/node" "/usr/bin/npm" "start"
npm ERR! node v6.11.4
npm ERR! npm  v3.10.10
npm ERR! code ELIFECYCLE
npm ERR! bitcoin-node-test@0.0.0 start: `node ./bin/www`
npm ERR! Exit status 1
npm ERR! 
npm ERR! Failed at the bitcoin-node-test@0.0.0 start script 'node ./bin/www'.
npm ERR! Make sure you have the latest version of node.js and npm installed.
npm ERR! If you do, this is most likely a problem with the bitcoin-node-test package,
npm ERR! not with npm itself.
npm ERR! Tell the author that this fails on your system:
npm ERR!     node ./bin/www
npm ERR! You can get information on how to open an issue for this project with:
npm ERR!     npm bugs bitcoin-node-test
npm ERR! Or if that isn't available, you can get their info via:
npm ERR!     npm owner ls bitcoin-node-test
npm ERR! There is likely additional logging output above.

npm ERR! Please include the following file with any support request:
npm ERR!     /home/secl/PycharmProjects/Upwork/wallet/npm-debug.log
[0mGET / [32m200 [0m46.660 ms - 887[0m
[0mGET /stylesheets/style.css [32m200 [0m1.134 ms - 1709[0m
[0mGET /javascripts/index.js [32m200 [0m0.945 ms - 10937[0m
undefined
[0mPOST /mc/get-chain-list [32m200 [0m1.433 ms - 2[0m
[0mPOST /mc/get-published-data-list [32m200 [0m1.335 ms - 2[0m
{}
[0mPOST /mc/get-received-data-list [32m200 [0m2.289 ms - 2[0m

> bitcoin-node-test@0.0.0 start /home/secl/PycharmProjects/Upwork/wallet
> node ./bin/www

Table created
Port 4200 is already in use

npm ERR! Linux 4.4.0-98-generic
npm ERR! argv "/usr/bin/node" "/usr/bin/npm" "start"
npm ERR! node v6.11.4
npm ERR! npm  v3.10.10
npm ERR! code ELIFECYCLE
npm ERR! bitcoin-node-test@0.0.0 start: `node ./bin/www`
npm ERR! Exit status 1
npm ERR! 
npm ERR! Failed at the bitcoin-node-test@0.0.0 start script 'node ./bin/www'.
npm ERR! Make sure you have the latest version of node.js and npm installed.
npm ERR! If you do, this is most likely a problem with the bitcoin-node-test package,
npm ERR! not with npm itself.
npm ERR! Tell the author that this fails on your system:
npm ERR!     node ./bin/www
npm ERR! You can get information on how to open an issue for this project with:
npm ERR!     npm bugs bitcoin-node-test
npm ERR! Or if that isn't available, you can get their info via:
npm ERR!     npm owner ls bitcoin-node-test
npm ERR! There is likely additional logging output above.

npm ERR! Please include the following file with any support request:
npm ERR!     /home/secl/PycharmProjects/Upwork/wallet/npm-debug.log

> bitcoin-node-test@0.0.0 start /home/secl/PycharmProjects/Upwork/mc2/wallet
> node ./bin/www

Table created
Connected to the multicahin database in multichain db.
Connected to the multicahin database.

> bitcoin-node-test@0.0.0 start /home/secl/PycharmProjects/Upwork/mc2/wallet
> node ./bin/www

Table created
Connected to the multicahin database in multichain db.
Connected to the multicahin database.
[0mGET / [32m200 [0m478.989 ms - 887[0m
[0mGET /javascripts/index.js [32m200 [0m6.608 ms - 12066[0m
[0mGET /stylesheets/style.css [32m200 [0m11.668 ms - 1709[0m
[0mPOST /mc/get-chain-list [32m200 [0m20.206 ms - 2[0m
[0mPOST /mc/get-published-data-list [32m200 [0m2.552 ms - 2[0m
[0mGET /favicon.ico [33m404 [0m38.013 ms - 1849[0m
[0mPOST /mc/get-received-data-list [32m200 [0m39.270 ms - 2[0m
[0mGET /registration [32m200 [0m222.076 ms - 1621[0m
[0mGET /stylesheets/style.css [36m304 [0m1.712 ms - -[0m
[0mGET /javascripts/index.js [36m304 [0m2.292 ms - -[0m
[0mPOST /mc/get-chain-list [32m200 [0m0.992 ms - 2[0m
[0mPOST /mc/get-published-data-list [32m200 [0m2.292 ms - 2[0m
[0mPOST /mc/get-received-data-list [32m200 [0m2.033 ms - 2[0m
SQLITE_CONSTRAINT: UNIQUE constraint failed: users.id
[0mPOST /mc/registration [31m500 [0m3.563 ms - 60[0m
[0mGET /stylesheets/style.css [36m304 [0m0.293 ms - -[0m
data inserted : {"name":"Haifzur","email":"hafiz.j2ee@gmail.com","userId":"hafiz1","password":"sa","ip":"localhost","port":"4788","chain":"chain1"}
[0mPOST /mc/registration [32m200 [0m39.619 ms - 34[0m
[0mGET /login [32m200 [0m73.433 ms - 1190[0m
[0mGET /stylesheets/style.css [36m304 [0m0.653 ms - -[0m
[0mGET /javascripts/index.js [36m304 [0m2.982 ms - -[0m
[0mPOST /mc/get-chain-list [32m200 [0m2.278 ms - 2[0m
[0mPOST /mc/get-published-data-list [32m200 [0m1.187 ms - 2[0m
[0mPOST /mc/get-received-data-list [32m200 [0m2.054 ms - 2[0m
User varified : hafiz1
[0mPOST /mc/login [32m200 [0m2.431 ms - 46[0m
[0mGET /dashboard [32m200 [0m284.093 ms - 1696[0m
[0mGET /stylesheets/style.css [36m304 [0m0.571 ms - -[0m
[0mGET /javascripts/index.js [36m304 [0m0.370 ms - -[0m
[0mGET /images/logo.jpg [32m200 [0m8.208 ms - 29973[0m
[0mPOST /mc/get-chain-list [32m200 [0m1.950 ms - 2[0m
[0mPOST /mc/get-published-data-list [32m200 [0m0.929 ms - 2[0m
[0mPOST /mc/get-received-data-list [32m200 [0m0.887 ms - 2[0m
[0mGET /dashboard [36m304 [0m102.409 ms - -[0m
[0mGET /stylesheets/style.css [36m304 [0m0.769 ms - -[0m
[0mGET /javascripts/index.js [36m304 [0m0.450 ms - -[0m
[0mGET /images/logo.jpg [36m304 [0m0.541 ms - -[0m
[0mPOST /mc/get-chain-list [32m200 [0m3.142 ms - 2[0m
[0mPOST /mc/get-published-data-list [32m200 [0m7.125 ms - 2[0m
[0mPOST /mc/get-received-data-list [32m200 [0m3.855 ms - 2[0m
[0mGET /published-data [32m200 [0m52.637 ms - 1706[0m
[0mGET /stylesheets/style.css [36m304 [0m0.804 ms - -[0m
[0mGET /javascripts/index.js [36m304 [0m1.434 ms - -[0m
[0mGET /images/logo.jpg [36m304 [0m0.601 ms - -[0m
[0mPOST /mc/get-chain-list [32m200 [0m1.070 ms - 2[0m
[0mPOST /mc/get-published-data-list [32m200 [0m3.498 ms - 2[0m
[0mPOST /mc/get-received-data-list [32m200 [0m2.217 ms - 2[0m
[0mGET /received-data [32m200 [0m54.998 ms - 1711[0m
[0mGET /stylesheets/style.css [36m304 [0m0.737 ms - -[0m
[0mGET /javascripts/index.js [36m304 [0m0.752 ms - -[0m
[0mGET /images/logo.jpg [36m304 [0m0.409 ms - -[0m
[0mPOST /mc/get-chain-list [32m200 [0m0.804 ms - 2[0m
[0mPOST /mc/get-published-data-list [32m200 [0m4.152 ms - 2[0m
[0mPOST /mc/get-received-data-list [32m200 [0m1.950 ms - 2[0m
[0mGET /dashboard [36m304 [0m64.943 ms - -[0m
[0mGET /stylesheets/style.css [36m304 [0m0.668 ms - -[0m
[0mGET /javascripts/index.js [36m304 [0m0.670 ms - -[0m
[0mGET /images/logo.jpg [36m304 [0m0.358 ms - -[0m
[0mPOST /mc/get-chain-list [32m200 [0m1.064 ms - 2[0m
[0mPOST /mc/get-published-data-list [32m200 [0m1.434 ms - 2[0m
[0mPOST /mc/get-received-data-list [32m200 [0m0.948 ms - 2[0m
[0mGET /dashboard [36m304 [0m47.309 ms - -[0m
[0mGET /stylesheets/style.css [36m304 [0m0.785 ms - -[0m
[0mGET /javascripts/index.js [36m304 [0m0.848 ms - -[0m
[0mGET /images/logo.jpg [36m304 [0m0.481 ms - -[0m
[0mPOST /mc/get-chain-list [32m200 [0m0.997 ms - 2[0m
[0mPOST /mc/get-published-data-list [32m200 [0m2.861 ms - 2[0m
[0mPOST /mc/get-received-data-list [32m200 [0m3.387 ms - 2[0m
[0mGET /dashboard [36m304 [0m39.581 ms - -[0m
[0mGET /stylesheets/style.css [36m304 [0m1.317 ms - -[0m
[0mGET /javascripts/index.js [36m304 [0m3.216 ms - -[0m
[0mGET /images/logo.jpg [36m304 [0m0.335 ms - -[0m
[0mPOST /mc/get-chain-list [32m200 [0m5.971 ms - 2[0m
[0mPOST /mc/get-published-data-list [32m200 [0m4.728 ms - 2[0m
[0mPOST /mc/get-received-data-list [32m200 [0m3.015 ms - 2[0m
[0mGET /dashboard [36m304 [0m41.569 ms - -[0m
[0mGET /stylesheets/style.css [36m304 [0m0.385 ms - -[0m
[0mGET /javascripts/index.js [36m304 [0m0.550 ms - -[0m
[0mGET /images/logo.jpg [36m304 [0m1.157 ms - -[0m
[0mPOST /mc/get-chain-list [32m200 [0m10.454 ms - 2[0m
[0mPOST /mc/get-published-data-list [32m200 [0m10.846 ms - 2[0m
[0mPOST /mc/get-received-data-list [32m200 [0m13.928 ms - 2[0m
[0mGET /published-data [36m304 [0m33.127 ms - -[0m
[0mGET /stylesheets/style.css [36m304 [0m0.401 ms - -[0m
[0mGET /javascripts/index.js [36m304 [0m0.354 ms - -[0m
[0mGET /images/logo.jpg [36m304 [0m0.335 ms - -[0m
[0mPOST /mc/get-chain-list [32m200 [0m2.684 ms - 2[0m
[0mPOST /mc/get-published-data-list [32m200 [0m2.583 ms - 2[0m
[0mPOST /mc/get-received-data-list [32m200 [0m2.328 ms - 2[0m
[0mGET /dashboard [36m304 [0m34.550 ms - -[0m
[0mGET /stylesheets/style.css [36m304 [0m0.788 ms - -[0m
[0mGET /javascripts/index.js [36m304 [0m0.829 ms - -[0m
[0mGET /images/logo.jpg [36m304 [0m0.502 ms - -[0m
[0mPOST /mc/get-chain-list [32m200 [0m0.917 ms - 2[0m
[0mPOST /mc/get-published-data-list [32m200 [0m1.233 ms - 2[0m
[0mPOST /mc/get-received-data-list [32m200 [0m0.701 ms - 2[0m
[0mGET /published-data [36m304 [0m52.571 ms - -[0m
[0mGET /stylesheets/style.css [36m304 [0m2.702 ms - -[0m
[0mGET /javascripts/index.js [36m304 [0m2.245 ms - -[0m
[0mGET /images/logo.jpg [36m304 [0m0.675 ms - -[0m
[0mPOST /mc/get-chain-list [32m200 [0m1.663 ms - 2[0m
[0mPOST /mc/get-published-data-list [32m200 [0m3.933 ms - 2[0m
[0mPOST /mc/get-received-data-list [32m200 [0m4.533 ms - 2[0m
[0mGET /received-data [36m304 [0m56.825 ms - -[0m
[0mGET /stylesheets/style.css [36m304 [0m0.966 ms - -[0m
[0mGET /javascripts/index.js [36m304 [0m2.257 ms - -[0m
[0mGET /images/logo.jpg [36m304 [0m0.448 ms - -[0m
[0mPOST /mc/get-chain-list [32m200 [0m1.466 ms - 2[0m
[0mPOST /mc/get-published-data-list [32m200 [0m3.129 ms - 2[0m
[0mPOST /mc/get-received-data-list [32m200 [0m1.676 ms - 2[0m
[0mGET /dashboard [36m304 [0m54.921 ms - -[0m
[0mGET /stylesheets/style.css [36m304 [0m0.558 ms - -[0m
[0mGET /javascripts/index.js [36m304 [0m0.494 ms - -[0m
[0mGET /images/logo.jpg [36m304 [0m2.917 ms - -[0m
[0mPOST /mc/get-chain-list [32m200 [0m2.185 ms - 2[0m
[0mPOST /mc/get-published-data-list [32m200 [0m2.595 ms - 2[0m
[0mPOST /mc/get-received-data-list [32m200 [0m1.759 ms - 2[0m
[0mGET /published-data [36m304 [0m32.306 ms - -[0m
[0mGET /stylesheets/style.css [36m304 [0m0.662 ms - -[0m
[0mGET /javascripts/index.js [36m304 [0m0.786 ms - -[0m
[0mGET /images/logo.jpg [36m304 [0m0.357 ms - -[0m
[0mPOST /mc/get-chain-list [32m200 [0m0.975 ms - 2[0m
[0mPOST /mc/get-published-data-list [32m200 [0m3.570 ms - 2[0m
[0mPOST /mc/get-received-data-list [32m200 [0m1.709 ms - 2[0m
[0mGET /received-data [36m304 [0m32.458 ms - -[0m
[0mGET /stylesheets/style.css [36m304 [0m0.528 ms - -[0m
[0mGET /javascripts/index.js [36m304 [0m0.710 ms - -[0m
[0mGET /images/logo.jpg [36m304 [0m0.880 ms - -[0m
[0mPOST /mc/get-chain-list [32m200 [0m0.982 ms - 2[0m
[0mPOST /mc/get-published-data-list [32m200 [0m1.001 ms - 2[0m
[0mPOST /mc/get-received-data-list [32m200 [0m0.739 ms - 2[0m
[0mGET /dashboard [36m304 [0m34.334 ms - -[0m
[0mGET /stylesheets/style.css [36m304 [0m0.606 ms - -[0m
[0mGET /javascripts/index.js [36m304 [0m0.626 ms - -[0m
[0mGET /images/logo.jpg [36m304 [0m1.695 ms - -[0m
[0mPOST /mc/get-chain-list [32m200 [0m3.654 ms - 2[0m
[0mPOST /mc/get-published-data-list [32m200 [0m2.034 ms - 2[0m
[0mPOST /mc/get-received-data-list [32m200 [0m1.357 ms - 2[0m
[0mGET / [36m304 [0m16.986 ms - -[0m
[0mGET /stylesheets/style.css [36m304 [0m0.950 ms - -[0m
[0mGET /javascripts/index.js [36m304 [0m0.873 ms - -[0m
[0mPOST /mc/get-chain-list [32m200 [0m1.083 ms - 2[0m
[0mPOST /mc/get-published-data-list [32m200 [0m1.203 ms - 2[0m
[0mPOST /mc/get-received-data-list [32m200 [0m1.717 ms - 2[0m
[0mGET /login [36m304 [0m40.248 ms - -[0m
[0mGET /stylesheets/style.css [36m304 [0m0.592 ms - -[0m
[0mGET /javascripts/index.js [36m304 [0m0.466 ms - -[0m
[0mPOST /mc/get-chain-list [32m200 [0m1.061 ms - 2[0m
[0mPOST /mc/get-published-data-list [32m200 [0m6.709 ms - 2[0m
[0mPOST /mc/get-received-data-list [32m200 [0m3.595 ms - 2[0m
User varified : hafiz1
[0mPOST /mc/login [32m200 [0m4.499 ms - 46[0m
[0mGET /dashboard [36m304 [0m127.287 ms - -[0m
[0mGET /stylesheets/style.css [36m304 [0m0.771 ms - -[0m
[0mGET /javascripts/index.js [36m304 [0m0.475 ms - -[0m
[0mGET /images/logo.jpg [36m304 [0m0.493 ms - -[0m
[0mPOST /mc/get-chain-list [32m200 [0m1.765 ms - 2[0m
[0mPOST /mc/get-published-data-list [32m200 [0m3.338 ms - 2[0m
[0mPOST /mc/get-received-data-list [32m200 [0m3.915 ms - 2[0m
[0mGET /published-data [36m304 [0m96.956 ms - -[0m
[0mGET /stylesheets/style.css [36m304 [0m1.493 ms - -[0m
[0mGET /javascripts/index.js [36m304 [0m1.324 ms - -[0m
[0mGET /images/logo.jpg [36m304 [0m1.281 ms - -[0m
[0mPOST /mc/get-chain-list [32m200 [0m2.665 ms - 2[0m
[0mPOST /mc/get-published-data-list [32m200 [0m3.897 ms - 2[0m
[0mPOST /mc/get-received-data-list [32m200 [0m2.718 ms - 2[0m
[0mGET /received-data [36m304 [0m101.491 ms - -[0m
[0mGET /stylesheets/style.css [36m304 [0m0.934 ms - -[0m
[0mGET /javascripts/index.js [36m304 [0m0.917 ms - -[0m
[0mGET /images/logo.jpg [36m304 [0m0.677 ms - -[0m
[0mPOST /mc/get-chain-list [32m200 [0m1.372 ms - 2[0m
[0mPOST /mc/get-published-data-list [32m200 [0m1.422 ms - 2[0m
[0mPOST /mc/get-received-data-list [32m200 [0m1.084 ms - 2[0m
[0mGET /dashboard [36m304 [0m45.877 ms - -[0m
[0mGET /stylesheets/style.css [36m304 [0m0.630 ms - -[0m
[0mGET /javascripts/index.js [36m304 [0m1.187 ms - -[0m
[0mGET /images/logo.jpg [36m304 [0m0.354 ms - -[0m
[0mPOST /mc/get-chain-list [32m200 [0m2.180 ms - 2[0m
[0mPOST /mc/get-published-data-list [32m200 [0m1.950 ms - 2[0m
[0mPOST /mc/get-received-data-list [32m200 [0m1.715 ms - 2[0m
[0mGET /stylesheets/style.css [36m304 [0m0.387 ms - -[0m
[0mGET /dashboard [36m304 [0m93.642 ms - -[0m
[0mGET /stylesheets/style.css [36m304 [0m0.537 ms - -[0m
[0mGET /javascripts/index.js [36m304 [0m2.586 ms - -[0m
[0mGET /images/logo.jpg [36m304 [0m5.112 ms - -[0m
[0mPOST /mc/get-chain-list [32m200 [0m2.036 ms - 2[0m
[0mPOST /mc/get-published-data-list [32m200 [0m1.070 ms - 2[0m
[0mPOST /mc/get-received-data-list [32m200 [0m1.067 ms - 2[0m
[0mGET /dashboard [36m304 [0m60.625 ms - -[0m
[0mGET /stylesheets/style.css [36m304 [0m0.547 ms - -[0m
[0mGET /javascripts/index.js [32m200 [0m2.141 ms - 12062[0m
[0mGET /images/logo.jpg [36m304 [0m1.982 ms - -[0m
[0mPOST /mc/get-chain-list [32m200 [0m1.300 ms - 145[0m
[0mPOST /mc/get-published-data-list [32m200 [0m2.121 ms - 2[0m
[0mPOST /mc/get-received-data-list [32m200 [0m4.481 ms - 2[0m
[0mGET /publish-stream/1 [32m200 [0m84.548 ms - 2189[0m
[0mGET /stylesheets/style.css [36m304 [0m1.284 ms - -[0m
[0mGET /javascripts/index.js [36m304 [0m2.011 ms - -[0m
[0mGET /images/logo.jpg [36m304 [0m0.457 ms - -[0m
[0mPOST /mc/get-chain-list [32m200 [0m1.167 ms - 145[0m
[0mPOST /mc/get-published-data-list [32m200 [0m0.961 ms - 2[0m
[0mPOST /mc/get-received-data-list [32m200 [0m0.914 ms - 2[0m
Information found : {"ip":"localhost","port":"4788","address":"1ZdXnico8KgC1ET7sc7czuS13GWUy5GTXYrNG9","user_id":"hafiz1"}
[0mGET /stylesheets/style.css [36m304 [0m0.318 ms - -[0m
Information found : {"ip":"localhost","port":"4788","address":"1ZdXnico8KgC1ET7sc7czuS13GWUy5GTXYrNG9","user_id":"hafiz1"}
[0mGET /received-data [36m304 [0m80.655 ms - -[0m
[0mPOST /mc/publish-stream [0m- [0m- ms - -[0m
[0mPOST /mc/publish-stream [0m- [0m- ms - -[0m
[0mGET /stylesheets/style.css [36m304 [0m0.583 ms - -[0m
[0mGET /javascripts/index.js [36m304 [0m0.294 ms - -[0m
[0mGET /images/logo.jpg [36m304 [0m0.246 ms - -[0m
[0mPOST /mc/get-chain-list [32m200 [0m1.711 ms - 145[0m
[0mPOST /mc/get-published-data-list [32m200 [0m3.346 ms - 2[0m
[0mPOST /mc/get-received-data-list [32m200 [0m2.957 ms - 2[0m
[0mGET /published-data [36m304 [0m54.701 ms - -[0m
[0mGET /stylesheets/style.css [36m304 [0m0.347 ms - -[0m
[0mGET /javascripts/index.js [36m304 [0m0.409 ms - -[0m
[0mGET /images/logo.jpg [36m304 [0m0.374 ms - -[0m
[0mPOST /mc/get-chain-list [32m200 [0m1.125 ms - 145[0m
[0mPOST /mc/get-published-data-list [32m200 [0m1.635 ms - 2[0m
[0mPOST /mc/get-received-data-list [32m200 [0m1.196 ms - 2[0m
[0mGET /dashboard [36m304 [0m59.371 ms - -[0m
[0mGET /stylesheets/style.css [36m304 [0m0.452 ms - -[0m
[0mGET /javascripts/index.js [36m304 [0m0.342 ms - -[0m
[0mGET /images/logo.jpg [36m304 [0m0.542 ms - -[0m
[0mPOST /mc/get-chain-list [32m200 [0m2.664 ms - 145[0m
[0mPOST /mc/get-published-data-list [32m200 [0m3.907 ms - 2[0m
[0mPOST /mc/get-received-data-list [32m200 [0m1.039 ms - 2[0m
[0mGET /publish-stream/1 [36m304 [0m92.966 ms - -[0m
[0mGET /stylesheets/style.css [36m304 [0m3.497 ms - -[0m
[0mGET /javascripts/index.js [36m304 [0m5.336 ms - -[0m
[0mGET /images/logo.jpg [36m304 [0m0.587 ms - -[0m
[0mPOST /mc/get-chain-list [32m200 [0m1.940 ms - 145[0m
[0mPOST /mc/get-published-data-list [32m200 [0m1.624 ms - 2[0m
[0mPOST /mc/get-received-data-list [32m200 [0m1.154 ms - 2[0m
Information found : {"ip":"localhost","port":"4788","address":"1ZdXnico8KgC1ET7sc7czuS13GWUy5GTXYrNG9","user_id":"hafiz1"}
Information found : {"ip":"localhost","port":"4788","address":"1ZdXnico8KgC1ET7sc7czuS13GWUy5GTXYrNG9","user_id":"hafiz1"}
Information found : {"ip":"localhost","port":"4788","address":"1ZdXnico8KgC1ET7sc7czuS13GWUy5GTXYrNG9","user_id":"hafiz1"}
Information found : {"ip":"localhost","port":"4788","address":"1ZdXnico8KgC1ET7sc7czuS13GWUy5GTXYrNG9","user_id":"hafiz1"}
Information found : {"ip":"localhost","port":"4788","address":"1ZdXnico8KgC1ET7sc7czuS13GWUy5GTXYrNG9","user_id":"hafiz1"}
Information found : {"ip":"localhost","port":"4788","address":"1ZdXnico8KgC1ET7sc7czuS13GWUy5GTXYrNG9","user_id":"hafiz1"}
[0mPOST /mc/publish-stream [0m- [0m- ms - -[0m
[0mGET /dashboard [36m304 [0m80.183 ms - -[0m
Information found : {"ip":"localhost","port":"4788","address":"1ZdXnico8KgC1ET7sc7czuS13GWUy5GTXYrNG9","user_id":"hafiz1"}
[0mPOST /mc/publish-stream [0m- [0m- ms - -[0m
[0mPOST /mc/publish-stream [0m- [0m- ms - -[0m
[0mPOST /mc/publish-stream [0m- [0m- ms - -[0m
[0mPOST /mc/publish-stream [0m- [0m- ms - -[0m
[0mPOST /mc/publish-stream [0m- [0m- ms - -[0m
[0mPOST /mc/publish-stream [0m- [0m- ms - -[0m
[0mGET /stylesheets/style.css [36m304 [0m1.165 ms - -[0m
[0mGET /javascripts/index.js [36m304 [0m1.503 ms - -[0m
[0mGET /images/logo.jpg [36m304 [0m0.338 ms - -[0m
[0mPOST /mc/get-chain-list [32m200 [0m2.681 ms - 145[0m
[0mPOST /mc/get-published-data-list [32m200 [0m1.126 ms - 2[0m
[0mPOST /mc/get-received-data-list [32m200 [0m1.115 ms - 2[0m
[0mGET /publish-stream/1 [32m200 [0m56.373 ms - 2189[0m
[0mGET /stylesheets/style.css [36m304 [0m0.498 ms - -[0m
[0mGET /javascripts/index.js [36m304 [0m0.938 ms - -[0m
[0mGET /images/logo.jpg [36m304 [0m0.372 ms - -[0m
[0mPOST /mc/get-chain-list [32m200 [0m5.669 ms - 145[0m
[0mPOST /mc/get-published-data-list [32m200 [0m3.005 ms - 2[0m
[0mPOST /mc/get-received-data-list [32m200 [0m2.611 ms - 2[0m
Information found : {"ip":"localhost","port":"4788","address":"1ZdXnico8KgC1ET7sc7czuS13GWUy5GTXYrNG9","user_id":"hafiz1"}
Information found : {"ip":"localhost","port":"4788","address":"1ZdXnico8KgC1ET7sc7czuS13GWUy5GTXYrNG9","user_id":"hafiz1"}
[0mPOST /mc/publish-stream [0m- [0m- ms - -[0m
[0mPOST /mc/publish-stream [0m- [0m- ms - -[0m
Information found : {"ip":"localhost","port":"4788","address":"1ZdXnico8KgC1ET7sc7czuS13GWUy5GTXYrNG9","user_id":"hafiz1"}
Information found : {"ip":"localhost","port":"4788","address":"1ZdXnico8KgC1ET7sc7czuS13GWUy5GTXYrNG9","user_id":"hafiz1"}
[0mPOST /mc/publish-stream [0m- [0m- ms - -[0m
[0mGET /stylesheets/style.css [36m304 [0m0.389 ms - -[0m
[0mGET /mc/publish-stream [33m404 [0m93.423 ms - 1849[0m
[0mGET /stylesheets/style.css [36m304 [0m1.031 ms - -[0m
[0mGET /javascripts/index.js [36m304 [0m1.605 ms - -[0m
[0mPOST /mc/get-chain-list [32m200 [0m3.102 ms - 145[0m
[0mPOST /mc/get-published-data-list [32m200 [0m1.118 ms - 2[0m
[0mPOST /mc/get-received-data-list [32m200 [0m0.969 ms - 2[0m
[0mPOST /mc/publish-stream [0m- [0m- ms - -[0m
[0mGET /publish-stream/1 [36m304 [0m40.431 ms - -[0m
[0mGET /stylesheets/style.css [36m304 [0m0.447 ms - -[0m
[0mGET /javascripts/index.js [32m200 [0m1.009 ms - 12078[0m
[0mGET /images/logo.jpg [36m304 [0m0.518 ms - -[0m
[0mPOST /mc/get-chain-list [32m200 [0m1.021 ms - 145[0m
[0mPOST /mc/get-published-data-list [32m200 [0m0.981 ms - 2[0m
[0mPOST /mc/get-received-data-list [32m200 [0m0.904 ms - 2[0m
Information found : {"ip":"localhost","port":"4788","address":"1ZdXnico8KgC1ET7sc7czuS13GWUy5GTXYrNG9","user_id":"hafiz1"}
[0mPOST /mc/publish-stream [0m- [0m- ms - -[0m
Information found : {"ip":"192.168.0.109","port":"4788","address":"1ZdXnico8KgC1ET7sc7czuS13GWUy5GTXYrNG9","user_id":"hafiz1"}
[0mPOST /mc/publish-stream [0m- [0m- ms - -[0m
Information found : {"ip":"192.168.0.109","port":"3000","address":"1ZdXnico8KgC1ET7sc7czuS13GWUy5GTXYrNG9","user_id":"hafiz1"}
Information found : {"ip":"192.168.0.109","port":"3000","address":"1ZdXnico8KgC1ET7sc7czuS13GWUy5GTXYrNG9","user_id":"hafiz1"}
cd0ca727dc33c8aff08db40988d89ad52061f6dd6ce6260777ab2f6d120edc26
[0mPOST /mc/publish-stream [32m200 [0m5.851 ms - 75[0m
data publisdhed data inserted 
[0mGET /dashboard [36m304 [0m62.229 ms - -[0m
[0mPOST /mc/publish-stream [0m- [0m- ms - -[0m
[0mGET /stylesheets/style.css [36m304 [0m0.439 ms - -[0m
[0mGET /javascripts/index.js [36m304 [0m0.396 ms - -[0m
[0mGET /images/logo.jpg [36m304 [0m0.400 ms - -[0m
[0mPOST /mc/get-chain-list [32m200 [0m1.112 ms - 149[0m
[0mPOST /mc/get-published-data-list [32m200 [0m1.704 ms - 2[0m
[0mPOST /mc/get-received-data-list [32m200 [0m1.174 ms - 2[0m
[0mGET /published-data [36m304 [0m43.858 ms - -[0m
[0mGET /stylesheets/style.css [36m304 [0m0.536 ms - -[0m
[0mGET /javascripts/index.js [36m304 [0m0.704 ms - -[0m
[0mGET /images/logo.jpg [36m304 [0m0.661 ms - -[0m
[0mPOST /mc/get-chain-list [32m200 [0m0.984 ms - 149[0m
[0mPOST /mc/get-published-data-list [32m200 [0m1.118 ms - 2[0m
[0mPOST /mc/get-received-data-list [32m200 [0m0.982 ms - 2[0m
[0mGET /received-data [36m304 [0m41.110 ms - -[0m
[0mGET /stylesheets/style.css [36m304 [0m0.430 ms - -[0m
[0mGET /javascripts/index.js [36m304 [0m1.365 ms - -[0m
[0mGET /images/logo.jpg [36m304 [0m0.307 ms - -[0m
[0mPOST /mc/get-chain-list [32m200 [0m1.798 ms - 149[0m
[0mPOST /mc/get-published-data-list [32m200 [0m1.032 ms - 2[0m
[0mPOST /mc/get-received-data-list [32m200 [0m1.111 ms - 2[0m
[0mGET /published-data [36m304 [0m43.239 ms - -[0m
[0mGET /stylesheets/style.css [36m304 [0m0.823 ms - -[0m
[0mGET /javascripts/index.js [36m304 [0m0.973 ms - -[0m
[0mGET /images/logo.jpg [36m304 [0m0.495 ms - -[0m
[0mPOST /mc/get-chain-list [32m200 [0m2.137 ms - 149[0m
[0mPOST /mc/get-published-data-list [32m200 [0m1.487 ms - 2[0m
[0mPOST /mc/get-received-data-list [32m200 [0m0.963 ms - 2[0m
[0mGET /dashboard [36m304 [0m30.461 ms - -[0m
[0mGET /stylesheets/style.css [36m304 [0m0.413 ms - -[0m
[0mGET /javascripts/index.js [36m304 [0m0.676 ms - -[0m
[0mGET /images/logo.jpg [36m304 [0m1.129 ms - -[0m
[0mPOST /mc/get-chain-list [32m200 [0m0.994 ms - 149[0m
[0mPOST /mc/get-published-data-list [32m200 [0m1.429 ms - 2[0m
[0mPOST /mc/get-received-data-list [32m200 [0m2.641 ms - 2[0m
[0mGET /published-data [36m304 [0m64.279 ms - -[0m
[0mGET /stylesheets/style.css [36m304 [0m0.400 ms - -[0m
[0mGET /javascripts/index.js [32m200 [0m9.705 ms - 12070[0m
[0mGET /images/logo.jpg [36m304 [0m0.321 ms - -[0m
[0mPOST /mc/get-chain-list [32m200 [0m0.891 ms - 149[0m
[0mPOST /mc/get-published-data-list [32m200 [0m1.693 ms - 149[0m
[0mPOST /mc/get-received-data-list [32m200 [0m1.934 ms - 2[0m
[0mGET /received-data [36m304 [0m56.752 ms - -[0m
[0mGET /stylesheets/style.css [36m304 [0m4.880 ms - -[0m
[0mGET /javascripts/index.js [36m304 [0m1.248 ms - -[0m
[0mGET /images/logo.jpg [36m304 [0m0.370 ms - -[0m
[0mPOST /mc/get-chain-list [32m200 [0m1.020 ms - 149[0m
[0mPOST /mc/get-published-data-list [32m200 [0m0.994 ms - 149[0m
[0mPOST /mc/get-received-data-list [32m200 [0m0.905 ms - 2[0m
[0mGET /published-data [36m304 [0m50.679 ms - -[0m
[0mGET /stylesheets/style.css [36m304 [0m0.376 ms - -[0m
[0mGET /javascripts/index.js [36m304 [0m0.335 ms - -[0m
[0mGET /images/logo.jpg [36m304 [0m0.681 ms - -[0m
[0mPOST /mc/get-chain-list [32m200 [0m1.839 ms - 149[0m
[0mPOST /mc/get-published-data-list [32m200 [0m1.449 ms - 149[0m
[0mPOST /mc/get-received-data-list [32m200 [0m1.011 ms - 2[0m
[0mGET /view-stream/1/stream2/cd0ca727dc33c8aff08db40988d89ad52061f6dd6ce6260777ab2f6d120edc26 [32m200 [0m61.869 ms - 2156[0m
[0mGET /stylesheets/style.css [36m304 [0m0.696 ms - -[0m
[0mGET /javascripts/index.js [36m304 [0m0.769 ms - -[0m
[0mGET /images/logo.jpg [36m304 [0m0.449 ms - -[0m
[0mPOST /mc/get-chain-list [32m200 [0m1.173 ms - 149[0m
[0mPOST /mc/get-published-data-list [32m200 [0m1.614 ms - 149[0m
[0mPOST /mc/get-received-data-list [32m200 [0m1.100 ms - 2[0m
Information found : {"ip":"192.168.0.109","port":"3000","address":"1ZdXnico8KgC1ET7sc7czuS13GWUy5GTXYrNG9"}
[0mPOST /mc/view-stream [32m200 [0m8.314 ms - 203[0m
[0mGET /published-data [36m304 [0m52.544 ms - -[0m
[0mGET /stylesheets/style.css [36m304 [0m1.006 ms - -[0m
[0mGET /javascripts/index.js [36m304 [0m3.290 ms - -[0m
[0mGET /images/logo.jpg [36m304 [0m0.572 ms - -[0m
[0mPOST /mc/get-chain-list [32m200 [0m1.050 ms - 149[0m
[0mPOST /mc/get-published-data-list [32m200 [0m1.938 ms - 149[0m
[0mPOST /mc/get-received-data-list [32m200 [0m3.501 ms - 2[0m
data send
[0mPOST /mc/send-data [32m200 [0m26.416 ms - 16[0m
[0mGET /login [36m304 [0m41.609 ms - -[0m
[0mGET /stylesheets/style.css [36m304 [0m0.488 ms - -[0m
[0mGET /javascripts/index.js [36m304 [0m0.664 ms - -[0m
[0mPOST /mc/get-chain-list [32m200 [0m5.226 ms - 2[0m
[0mPOST /mc/get-published-data-list [32m200 [0m1.520 ms - 2[0m
[0mPOST /mc/get-received-data-list [32m200 [0m0.949 ms - 2[0m
